[11-Jun-2025 23:19:43 UTC] PHP Warning:  mysqli_real_connect(): (HY000/1045): Access denied for user 'keitri_admin'@'172.18.0.4' (using password: YES) in /var/www/html/web/wp/wp-includes/class-wpdb.php on line 1988
[11-Jun-2025 23:25:19 UTC] PHP Warning:  mysqli_real_connect(): (HY000/2002): Connection refused in /var/www/html/web/wp/wp-includes/class-wpdb.php on line 1988
[11-Jun-2025 23:31:15 UTC] WordPress database error Table 'keitri_db.wp_options' doesn't exist for query INSERT INTO `wp_options` (`option_name`, `option_value`, `autoload`) VALUES ('nonce_key', 'D@ZcJKxSS-QA vBB8&R=_D^Bs=:e!m.#czrOlLVA3b[wWHR;vG1+C@C)r9j~.1c/', 'off') ON DUPLICATE KEY UPDATE `option_name` = VALUES(`option_name`), `option_value` = VALUES(`option_value`), `autoload` = VALUES(`autoload`) made by wp_can_install_language_pack, WP_Upgrader->fs_connect, Automatic_Upgrader_Skin->request_filesystem_credentials, WP_Upgrader_Skin->request_filesystem_credentials, request_filesystem_credentials, wp_nonce_field, wp_create_nonce, wp_hash, wp_salt, update_site_option, update_network_option, add_network_option, add_option
[11-Jun-2025 23:31:15 UTC] WordPress database error Table 'keitri_db.wp_options' doesn't exist for query INSERT INTO `wp_options` (`option_name`, `option_value`, `autoload`) VALUES ('nonce_salt', 'tPXna!exp<q*)n!ZIQ>i=A]8 $}KG 6~jDa*1cQw|65u}(NIYS4QPANP-Uc *O(-', 'off') ON DUPLICATE KEY UPDATE `option_name` = VALUES(`option_name`), `option_value` = VALUES(`option_value`), `autoload` = VALUES(`autoload`) made by wp_can_install_language_pack, WP_Upgrader->fs_connect, Automatic_Upgrader_Skin->request_filesystem_credentials, WP_Upgrader_Skin->request_filesystem_credentials, request_filesystem_credentials, wp_nonce_field, wp_create_nonce, wp_hash, wp_salt, update_site_option, update_network_option, add_network_option, add_option
[11-Jun-2025 23:57:06 UTC] PHP Warning:  require_once(/var/www/html/web/app/themes/keitri-twig/vendor/autoload.php): Failed to open stream: No such file or directory in /var/www/html/web/app/themes/keitri-twig/functions.php on line 4
[11-Jun-2025 23:57:06 UTC] PHP Fatal error:  Uncaught Error: Failed opening required '/var/www/html/web/app/themes/keitri-twig/vendor/autoload.php' (include_path='.:/usr/local/lib/php') in /var/www/html/web/app/themes/keitri-twig/functions.php:4
Stack trace:
#0 /var/www/html/web/wp/wp-settings.php(695): include()
#1 /var/www/html/web/wp-config.php(10): require_once('/var/www/html/w...')
#2 /var/www/html/web/wp/wp-load.php(55): require_once('/var/www/html/w...')
#3 /var/www/html/web/wp/wp-admin/admin.php(35): require_once('/var/www/html/w...')
#4 /var/www/html/web/wp/wp-admin/themes.php(10): require_once('/var/www/html/w...')
#5 {main}
  thrown in /var/www/html/web/app/themes/keitri-twig/functions.php on line 4
[11-Jun-2025 23:58:13 UTC] PHP Fatal error:  Uncaught Error: Class "Timber\Timber" not found in /var/www/html/web/app/themes/keitri-twig/functions.php:16
Stack trace:
#0 /var/www/html/web/wp/wp-includes/class-wp-hook.php(324): {closure}('')
#1 /var/www/html/web/wp/wp-includes/class-wp-hook.php(348): WP_Hook->apply_filters(NULL, Array)
#2 /var/www/html/web/wp/wp-includes/plugin.php(517): WP_Hook->do_action(Array)
#3 /var/www/html/web/wp/wp-settings.php(705): do_action('after_setup_the...')
#4 /var/www/html/web/wp-config.php(10): require_once('/var/www/html/w...')
#5 /var/www/html/web/wp/wp-load.php(55): require_once('/var/www/html/w...')
#6 /var/www/html/web/wp/wp-admin/admin.php(35): require_once('/var/www/html/w...')
#7 /var/www/html/web/wp/wp-admin/themes.php(10): require_once('/var/www/html/w...')
#8 {main}
  thrown in /var/www/html/web/app/themes/keitri-twig/functions.php on line 16
[12-Jun-2025 00:08:47 UTC] [ Timber ] Error loading your template files: index.twig. Make sure one of these files exists.
[12-Jun-2025 00:09:01 UTC] [ Timber ] Error loading your template files: index.twig. Make sure one of these files exists.
[12-Jun-2025 00:09:12 UTC] [ Timber ] Error loading your template files: index.twig. Make sure one of these files exists.
[12-Jun-2025 00:38:22 UTC] PHP Fatal error:  Uncaught Twig\Error\SyntaxError: A template that extends another one cannot include content outside Twig blocks. Did you forget to put the content inside a {% block %} tag in "index.twig" at line 16? in /var/www/html/web/app/themes/keitri-twig/templates/index.twig:16
Stack trace:
#0 /var/www/html/vendor/twig/twig/src/Parser.php(562): Twig\Parser->filterBodyNodes(Object(Twig\Node\PrintNode), false)
#1 /var/www/html/vendor/twig/twig/src/Parser.php(103): Twig\Parser->filterBodyNodes(Object(Twig\Node\Nodes))
#2 /var/www/html/vendor/twig/twig/src/Environment.php(558): Twig\Parser->parse(Object(Twig\TokenStream))
#3 /var/www/html/vendor/twig/twig/src/Environment.php(589): Twig\Environment->parse(Object(Twig\TokenStream))
#4 /var/www/html/vendor/twig/twig/src/Environment.php(408): Twig\Environment->compileSource(Object(Twig\Source))
#5 /var/www/html/vendor/twig/twig/src/Environment.php(370): Twig\Environment->loadTemplate('__TwigTemplate_...', 'index.twig')
#6 /var/www/html/vendor/timber/timber/src/Loader.php(177): Twig\Environment->load('index.twig')
#7 /var/www/html/vendor/timber/timber/src/Timber.php(1481): Timber\Loader->render('index.twig', Array, false, 'default')
#8 /var/www/html/vendor/timber/timber/src/Timber.php(1616): Timber\Timber::compile('index.twig', Array, false, 'default', true)
#9 /var/www/html/web/app/themes/keitri-twig/functions.php(31): Timber\Timber::render('index.twig')
#10 /var/www/html/web/wp/wp-includes/class-wp-hook.php(324): {closure}('/var/www/html/w...')
#11 /var/www/html/web/wp/wp-includes/plugin.php(205): WP_Hook->apply_filters('/var/www/html/w...', Array)
#12 /var/www/html/web/wp/wp-includes/template-loader.php(104): apply_filters('template_includ...', '/var/www/html/w...')
#13 /var/www/html/web/wp/wp-blog-header.php(19): require_once('/var/www/html/w...')
#14 /var/www/html/web/index.php(7): require('/var/www/html/w...')
#15 {main}
  thrown in /var/www/html/web/app/themes/keitri-twig/templates/index.twig on line 16
[12-Jun-2025 00:38:28 UTC] PHP Fatal error:  Uncaught Twig\Error\SyntaxError: A template that extends another one cannot include content outside Twig blocks. Did you forget to put the content inside a {% block %} tag in "index.twig" at line 16? in /var/www/html/web/app/themes/keitri-twig/templates/index.twig:16
Stack trace:
#0 /var/www/html/vendor/twig/twig/src/Parser.php(562): Twig\Parser->filterBodyNodes(Object(Twig\Node\PrintNode), false)
#1 /var/www/html/vendor/twig/twig/src/Parser.php(103): Twig\Parser->filterBodyNodes(Object(Twig\Node\Nodes))
#2 /var/www/html/vendor/twig/twig/src/Environment.php(558): Twig\Parser->parse(Object(Twig\TokenStream))
#3 /var/www/html/vendor/twig/twig/src/Environment.php(589): Twig\Environment->parse(Object(Twig\TokenStream))
#4 /var/www/html/vendor/twig/twig/src/Environment.php(408): Twig\Environment->compileSource(Object(Twig\Source))
#5 /var/www/html/vendor/twig/twig/src/Environment.php(370): Twig\Environment->loadTemplate('__TwigTemplate_...', 'index.twig')
#6 /var/www/html/vendor/timber/timber/src/Loader.php(177): Twig\Environment->load('index.twig')
#7 /var/www/html/vendor/timber/timber/src/Timber.php(1481): Timber\Loader->render('index.twig', Array, false, 'default')
#8 /var/www/html/vendor/timber/timber/src/Timber.php(1616): Timber\Timber::compile('index.twig', Array, false, 'default', true)
#9 /var/www/html/web/app/themes/keitri-twig/functions.php(31): Timber\Timber::render('index.twig')
#10 /var/www/html/web/wp/wp-includes/class-wp-hook.php(324): {closure}('/var/www/html/w...')
#11 /var/www/html/web/wp/wp-includes/plugin.php(205): WP_Hook->apply_filters('/var/www/html/w...', Array)
#12 /var/www/html/web/wp/wp-includes/template-loader.php(104): apply_filters('template_includ...', '/var/www/html/w...')
#13 /var/www/html/web/wp/wp-blog-header.php(19): require_once('/var/www/html/w...')
#14 /var/www/html/web/index.php(7): require('/var/www/html/w...')
#15 {main}
  thrown in /var/www/html/web/app/themes/keitri-twig/templates/index.twig on line 16
[12-Jun-2025 00:38:30 UTC] PHP Fatal error:  Uncaught Twig\Error\SyntaxError: A template that extends another one cannot include content outside Twig blocks. Did you forget to put the content inside a {% block %} tag in "index.twig" at line 16? in /var/www/html/web/app/themes/keitri-twig/templates/index.twig:16
Stack trace:
#0 /var/www/html/vendor/twig/twig/src/Parser.php(562): Twig\Parser->filterBodyNodes(Object(Twig\Node\PrintNode), false)
#1 /var/www/html/vendor/twig/twig/src/Parser.php(103): Twig\Parser->filterBodyNodes(Object(Twig\Node\Nodes))
#2 /var/www/html/vendor/twig/twig/src/Environment.php(558): Twig\Parser->parse(Object(Twig\TokenStream))
#3 /var/www/html/vendor/twig/twig/src/Environment.php(589): Twig\Environment->parse(Object(Twig\TokenStream))
#4 /var/www/html/vendor/twig/twig/src/Environment.php(408): Twig\Environment->compileSource(Object(Twig\Source))
#5 /var/www/html/vendor/twig/twig/src/Environment.php(370): Twig\Environment->loadTemplate('__TwigTemplate_...', 'index.twig')
#6 /var/www/html/vendor/timber/timber/src/Loader.php(177): Twig\Environment->load('index.twig')
#7 /var/www/html/vendor/timber/timber/src/Timber.php(1481): Timber\Loader->render('index.twig', Array, false, 'default')
#8 /var/www/html/vendor/timber/timber/src/Timber.php(1616): Timber\Timber::compile('index.twig', Array, false, 'default', true)
#9 /var/www/html/web/app/themes/keitri-twig/functions.php(31): Timber\Timber::render('index.twig')
#10 /var/www/html/web/wp/wp-includes/class-wp-hook.php(324): {closure}('/var/www/html/w...')
#11 /var/www/html/web/wp/wp-includes/plugin.php(205): WP_Hook->apply_filters('/var/www/html/w...', Array)
#12 /var/www/html/web/wp/wp-includes/template-loader.php(104): apply_filters('template_includ...', '/var/www/html/w...')
#13 /var/www/html/web/wp/wp-blog-header.php(19): require_once('/var/www/html/w...')
#14 /var/www/html/web/index.php(7): require('/var/www/html/w...')
#15 {main}
  thrown in /var/www/html/web/app/themes/keitri-twig/templates/index.twig on line 16
[12-Jun-2025 00:47:00 UTC] PHP Fatal error:  Uncaught Twig\Error\SyntaxError: Unknown "body_class" function in "base.twig" at line 8. in /var/www/html/web/app/themes/keitri-twig/templates/base.twig:8
Stack trace:
#0 /var/www/html/vendor/twig/twig/src/ExpressionParser/Infix/FunctionExpressionParser.php(51): Twig\Parser->getFunction('body_class', 8)
#1 /var/www/html/vendor/twig/twig/src/Parser.php(384): Twig\ExpressionParser\Infix\FunctionExpressionParser->parse(Object(Twig\Parser), Object(Twig\Node\Expression\Variable\ContextVariable), Object(Twig\Token))
#2 /var/www/html/vendor/twig/twig/src/Parser.php(174): Twig\Parser->parseExpression()
#3 /var/www/html/vendor/twig/twig/src/Parser.php(101): Twig\Parser->subparse(NULL, false)
#4 /var/www/html/vendor/twig/twig/src/Environment.php(558): Twig\Parser->parse(Object(Twig\TokenStream))
#5 /var/www/html/vendor/twig/twig/src/Environment.php(589): Twig\Environment->parse(Object(Twig\TokenStream))
#6 /var/www/html/vendor/twig/twig/src/Environment.php(408): Twig\Environment->compileSource(Object(Twig\Source))
#7 /var/www/html/vendor/twig/twig/src/Template.php(293): Twig\Environment->loadTemplate('__TwigTemplate_...', 'base.twig', NULL)
#8 /var/www/html/vendor/twig/twig/src/Environment.php(420) : eval()'d code(46): Twig\Template->load('base.twig', 2)
#9 /var/www/html/vendor/twig/twig/src/Template.php(402): __TwigTemplate_ef0f8b9ed897a2ddccf32b08cc79a516->doDisplay(Array, Array)
#10 /var/www/html/vendor/twig/twig/src/Template.php(358): Twig\Template->yield(Array, Array)
#11 /var/www/html/vendor/twig/twig/src/Template.php(373): Twig\Template->display(Array)
#12 /var/www/html/vendor/twig/twig/src/TemplateWrapper.php(51): Twig\Template->render(Array)
#13 /var/www/html/vendor/timber/timber/src/Loader.php(178): Twig\TemplateWrapper->render(Array)
#14 /var/www/html/vendor/timber/timber/src/Timber.php(1481): Timber\Loader->render('index.twig', Array, false, 'default')
#15 /var/www/html/vendor/timber/timber/src/Timber.php(1616): Timber\Timber::compile('index.twig', Array, false, 'default', true)
#16 /var/www/html/web/app/themes/keitri-twig/functions.php(34): Timber\Timber::render('index.twig')
#17 /var/www/html/web/wp/wp-includes/class-wp-hook.php(324): {closure}('/var/www/html/w...')
#18 /var/www/html/web/wp/wp-includes/plugin.php(205): WP_Hook->apply_filters('/var/www/html/w...', Array)
#19 /var/www/html/web/wp/wp-includes/template-loader.php(104): apply_filters('template_includ...', '/var/www/html/w...')
#20 /var/www/html/web/wp/wp-blog-header.php(19): require_once('/var/www/html/w...')
#21 /var/www/html/web/index.php(7): require('/var/www/html/w...')
#22 {main}
  thrown in /var/www/html/web/app/themes/keitri-twig/templates/base.twig on line 8
[12-Jun-2025 00:47:05 UTC] PHP Fatal error:  Uncaught Twig\Error\SyntaxError: Unknown "body_class" function in "base.twig" at line 8. in /var/www/html/web/app/themes/keitri-twig/templates/base.twig:8
Stack trace:
#0 /var/www/html/vendor/twig/twig/src/ExpressionParser/Infix/FunctionExpressionParser.php(51): Twig\Parser->getFunction('body_class', 8)
#1 /var/www/html/vendor/twig/twig/src/Parser.php(384): Twig\ExpressionParser\Infix\FunctionExpressionParser->parse(Object(Twig\Parser), Object(Twig\Node\Expression\Variable\ContextVariable), Object(Twig\Token))
#2 /var/www/html/vendor/twig/twig/src/Parser.php(174): Twig\Parser->parseExpression()
#3 /var/www/html/vendor/twig/twig/src/Parser.php(101): Twig\Parser->subparse(NULL, false)
#4 /var/www/html/vendor/twig/twig/src/Environment.php(558): Twig\Parser->parse(Object(Twig\TokenStream))
#5 /var/www/html/vendor/twig/twig/src/Environment.php(589): Twig\Environment->parse(Object(Twig\TokenStream))
#6 /var/www/html/vendor/twig/twig/src/Environment.php(408): Twig\Environment->compileSource(Object(Twig\Source))
#7 /var/www/html/vendor/twig/twig/src/Template.php(293): Twig\Environment->loadTemplate('__TwigTemplate_...', 'base.twig', NULL)
#8 /var/www/html/vendor/twig/twig/src/Environment.php(420) : eval()'d code(46): Twig\Template->load('base.twig', 2)
#9 /var/www/html/vendor/twig/twig/src/Template.php(402): __TwigTemplate_ef0f8b9ed897a2ddccf32b08cc79a516->doDisplay(Array, Array)
#10 /var/www/html/vendor/twig/twig/src/Template.php(358): Twig\Template->yield(Array, Array)
#11 /var/www/html/vendor/twig/twig/src/Template.php(373): Twig\Template->display(Array)
#12 /var/www/html/vendor/twig/twig/src/TemplateWrapper.php(51): Twig\Template->render(Array)
#13 /var/www/html/vendor/timber/timber/src/Loader.php(178): Twig\TemplateWrapper->render(Array)
#14 /var/www/html/vendor/timber/timber/src/Timber.php(1481): Timber\Loader->render('index.twig', Array, false, 'default')
#15 /var/www/html/vendor/timber/timber/src/Timber.php(1616): Timber\Timber::compile('index.twig', Array, false, 'default', true)
#16 /var/www/html/web/app/themes/keitri-twig/functions.php(34): Timber\Timber::render('index.twig')
#17 /var/www/html/web/wp/wp-includes/class-wp-hook.php(324): {closure}('/var/www/html/w...')
#18 /var/www/html/web/wp/wp-includes/plugin.php(205): WP_Hook->apply_filters('/var/www/html/w...', Array)
#19 /var/www/html/web/wp/wp-includes/template-loader.php(104): apply_filters('template_includ...', '/var/www/html/w...')
#20 /var/www/html/web/wp/wp-blog-header.php(19): require_once('/var/www/html/w...')
#21 /var/www/html/web/index.php(7): require('/var/www/html/w...')
#22 {main}
  thrown in /var/www/html/web/app/themes/keitri-twig/templates/base.twig on line 8
[12-Jun-2025 00:47:06 UTC] PHP Fatal error:  Uncaught Twig\Error\SyntaxError: Unknown "body_class" function in "base.twig" at line 8. in /var/www/html/web/app/themes/keitri-twig/templates/base.twig:8
Stack trace:
#0 /var/www/html/vendor/twig/twig/src/ExpressionParser/Infix/FunctionExpressionParser.php(51): Twig\Parser->getFunction('body_class', 8)
#1 /var/www/html/vendor/twig/twig/src/Parser.php(384): Twig\ExpressionParser\Infix\FunctionExpressionParser->parse(Object(Twig\Parser), Object(Twig\Node\Expression\Variable\ContextVariable), Object(Twig\Token))
#2 /var/www/html/vendor/twig/twig/src/Parser.php(174): Twig\Parser->parseExpression()
#3 /var/www/html/vendor/twig/twig/src/Parser.php(101): Twig\Parser->subparse(NULL, false)
#4 /var/www/html/vendor/twig/twig/src/Environment.php(558): Twig\Parser->parse(Object(Twig\TokenStream))
#5 /var/www/html/vendor/twig/twig/src/Environment.php(589): Twig\Environment->parse(Object(Twig\TokenStream))
#6 /var/www/html/vendor/twig/twig/src/Environment.php(408): Twig\Environment->compileSource(Object(Twig\Source))
#7 /var/www/html/vendor/twig/twig/src/Template.php(293): Twig\Environment->loadTemplate('__TwigTemplate_...', 'base.twig', NULL)
#8 /var/www/html/vendor/twig/twig/src/Environment.php(420) : eval()'d code(46): Twig\Template->load('base.twig', 2)
#9 /var/www/html/vendor/twig/twig/src/Template.php(402): __TwigTemplate_ef0f8b9ed897a2ddccf32b08cc79a516->doDisplay(Array, Array)
#10 /var/www/html/vendor/twig/twig/src/Template.php(358): Twig\Template->yield(Array, Array)
#11 /var/www/html/vendor/twig/twig/src/Template.php(373): Twig\Template->display(Array)
#12 /var/www/html/vendor/twig/twig/src/TemplateWrapper.php(51): Twig\Template->render(Array)
#13 /var/www/html/vendor/timber/timber/src/Loader.php(178): Twig\TemplateWrapper->render(Array)
#14 /var/www/html/vendor/timber/timber/src/Timber.php(1481): Timber\Loader->render('index.twig', Array, false, 'default')
#15 /var/www/html/vendor/timber/timber/src/Timber.php(1616): Timber\Timber::compile('index.twig', Array, false, 'default', true)
#16 /var/www/html/web/app/themes/keitri-twig/functions.php(34): Timber\Timber::render('index.twig')
#17 /var/www/html/web/wp/wp-includes/class-wp-hook.php(324): {closure}('/var/www/html/w...')
#18 /var/www/html/web/wp/wp-includes/plugin.php(205): WP_Hook->apply_filters('/var/www/html/w...', Array)
#19 /var/www/html/web/wp/wp-includes/template-loader.php(104): apply_filters('template_includ...', '/var/www/html/w...')
#20 /var/www/html/web/wp/wp-blog-header.php(19): require_once('/var/www/html/w...')
#21 /var/www/html/web/index.php(7): require('/var/www/html/w...')
#22 {main}
  thrown in /var/www/html/web/app/themes/keitri-twig/templates/base.twig on line 8
[12-Jun-2025 05:54:58 UTC] PHP Fatal error:  Uncaught Error: Call to protected Timber\Menu::__construct() from global scope in /var/www/html/web/app/themes/keitri-twig/functions.php:35
Stack trace:
#0 /var/www/html/web/wp/wp-includes/class-wp-hook.php(324): {closure}(Array)
#1 /var/www/html/web/wp/wp-includes/plugin.php(205): WP_Hook->apply_filters(Array, Array)
#2 /var/www/html/vendor/timber/timber/src/Timber.php(1315): apply_filters('timber/context', Array)
#3 /var/www/html/vendor/timber/timber/src/Timber.php(1206): Timber\Timber::context_global()
#4 /var/www/html/web/app/themes/keitri-twig/functions.php(46): Timber\Timber::context()
#5 /var/www/html/web/wp/wp-includes/class-wp-hook.php(324): {closure}('/var/www/html/w...')
#6 /var/www/html/web/wp/wp-includes/plugin.php(205): WP_Hook->apply_filters('/var/www/html/w...', Array)
#7 /var/www/html/web/wp/wp-includes/template-loader.php(104): apply_filters('template_includ...', '/var/www/html/w...')
#8 /var/www/html/web/wp/wp-blog-header.php(19): require_once('/var/www/html/w...')
#9 /var/www/html/web/index.php(7): require('/var/www/html/w...')
#10 {main}
  thrown in /var/www/html/web/app/themes/keitri-twig/functions.php on line 35
[12-Jun-2025 05:55:08 UTC] PHP Fatal error:  Uncaught Error: Call to protected Timber\Menu::__construct() from global scope in /var/www/html/web/app/themes/keitri-twig/functions.php:35
Stack trace:
#0 /var/www/html/web/wp/wp-includes/class-wp-hook.php(324): {closure}(Array)
#1 /var/www/html/web/wp/wp-includes/plugin.php(205): WP_Hook->apply_filters(Array, Array)
#2 /var/www/html/vendor/timber/timber/src/Timber.php(1315): apply_filters('timber/context', Array)
#3 /var/www/html/vendor/timber/timber/src/Timber.php(1206): Timber\Timber::context_global()
#4 /var/www/html/web/app/themes/keitri-twig/functions.php(46): Timber\Timber::context()
#5 /var/www/html/web/wp/wp-includes/class-wp-hook.php(324): {closure}('/var/www/html/w...')
#6 /var/www/html/web/wp/wp-includes/plugin.php(205): WP_Hook->apply_filters('/var/www/html/w...', Array)
#7 /var/www/html/web/wp/wp-includes/template-loader.php(104): apply_filters('template_includ...', '/var/www/html/w...')
#8 /var/www/html/web/wp/wp-blog-header.php(19): require_once('/var/www/html/w...')
#9 /var/www/html/web/index.php(7): require('/var/www/html/w...')
#10 {main}
  thrown in /var/www/html/web/app/themes/keitri-twig/functions.php on line 35
[12-Jun-2025 07:47:38 UTC] PHP Fatal error:  Uncaught Twig\Error\SyntaxError: A mapping key must be a quoted string, a number, a name, or an expression enclosed in parentheses (unexpected token "operator" of value "/" in "components/hero.twig" at line 74. in /var/www/html/web/app/themes/keitri-twig/templates/components/hero.twig:74
Stack trace:
#0 /var/www/html/vendor/twig/twig/src/ExpressionParser/Prefix/LiteralExpressionParser.php(83): Twig\ExpressionParser\Prefix\LiteralExpressionParser->parseMappingExpression(Object(Twig\Parser))
#1 /var/www/html/vendor/twig/twig/src/Parser.php(378): Twig\ExpressionParser\Prefix\LiteralExpressionParser->parse(Object(Twig\Parser), Object(Twig\Token))
#2 /var/www/html/vendor/twig/twig/src/ExpressionParser/Prefix/LiteralExpressionParser.php(177): Twig\Parser->parseExpression()
#3 /var/www/html/vendor/twig/twig/src/ExpressionParser/Prefix/LiteralExpressionParser.php(92): Twig\ExpressionParser\Prefix\LiteralExpressionParser->parseSequenceExpression(Object(Twig\Parser))
#4 /var/www/html/vendor/twig/twig/src/Parser.php(378): Twig\ExpressionParser\Prefix\LiteralExpressionParser->parse(Object(Twig\Parser), Object(Twig\Token))
#5 /var/www/html/vendor/twig/twig/src/TokenParser/SetTokenParser.php(79): Twig\Parser->parseExpression()
#6 /var/www/html/vendor/twig/twig/src/TokenParser/SetTokenParser.php(42): Twig\TokenParser\SetTokenParser->parseMultitargetExpression()
#7 /var/www/html/vendor/twig/twig/src/Parser.php(218): Twig\TokenParser\SetTokenParser->parse(Object(Twig\Token))
#8 /var/www/html/vendor/twig/twig/src/Parser.php(101): Twig\Parser->subparse(NULL, false)
#9 /var/www/html/vendor/twig/twig/src/Environment.php(558): Twig\Parser->parse(Object(Twig\TokenStream))
#10 /var/www/html/vendor/twig/twig/src/Environment.php(589): Twig\Environment->parse(Object(Twig\TokenStream))
#11 /var/www/html/vendor/twig/twig/src/Environment.php(408): Twig\Environment->compileSource(Object(Twig\Source))
#12 /var/www/html/vendor/twig/twig/src/Template.php(293): Twig\Environment->loadTemplate('__TwigTemplate_...', 'components/hero...', NULL)
#13 /var/www/html/vendor/twig/twig/src/Environment.php(420) : eval()'d code(59): Twig\Template->load('components/hero...', 3)
#14 /var/www/html/vendor/twig/twig/src/Template.php(446): __TwigTemplate_ef0f8b9ed897a2ddccf32b08cc79a516->block_content(Array, Array)
#15 /var/www/html/vendor/twig/twig/src/Environment.php(420) : eval()'d code(79): Twig\Template->yieldBlock('content', Array, Array)
#16 /var/www/html/vendor/twig/twig/src/Template.php(402): __TwigTemplate_f6a809f03836c483179fa9ef40b46d1d->doDisplay(Array, Array)
#17 /var/www/html/vendor/twig/twig/src/Environment.php(420) : eval()'d code(47): Twig\Template->yield(Array, Array)
#18 /var/www/html/vendor/twig/twig/src/Template.php(402): __TwigTemplate_ef0f8b9ed897a2ddccf32b08cc79a516->doDisplay(Array, Array)
#19 /var/www/html/vendor/twig/twig/src/Template.php(358): Twig\Template->yield(Array, Array)
#20 /var/www/html/vendor/twig/twig/src/Template.php(373): Twig\Template->display(Array)
#21 /var/www/html/vendor/twig/twig/src/TemplateWrapper.php(51): Twig\Template->render(Array)
#22 /var/www/html/vendor/timber/timber/src/Loader.php(178): Twig\TemplateWrapper->render(Array)
#23 /var/www/html/vendor/timber/timber/src/Timber.php(1481): Timber\Loader->render('index.twig', Array, false, 'default')
#24 /var/www/html/vendor/timber/timber/src/Timber.php(1616): Timber\Timber::compile('index.twig', Array, false, 'default', true)
#25 /var/www/html/web/app/themes/keitri-twig/functions.php(38): Timber\Timber::render('index.twig', Array)
#26 /var/www/html/web/wp/wp-includes/class-wp-hook.php(324): {closure}('/var/www/html/w...')
#27 /var/www/html/web/wp/wp-includes/plugin.php(205): WP_Hook->apply_filters('/var/www/html/w...', Array)
#28 /var/www/html/web/wp/wp-includes/template-loader.php(104): apply_filters('template_includ...', '/var/www/html/w...')
#29 /var/www/html/web/wp/wp-blog-header.php(19): require_once('/var/www/html/w...')
#30 /var/www/html/web/index.php(7): require('/var/www/html/w...')
#31 {main}
  thrown in /var/www/html/web/app/themes/keitri-twig/templates/components/hero.twig on line 74
[12-Jun-2025 07:47:52 UTC] PHP Fatal error:  Uncaught Twig\Error\SyntaxError: A mapping key must be a quoted string, a number, a name, or an expression enclosed in parentheses (unexpected token "operator" of value "/" in "components/hero.twig" at line 74. in /var/www/html/web/app/themes/keitri-twig/templates/components/hero.twig:74
Stack trace:
#0 /var/www/html/vendor/twig/twig/src/ExpressionParser/Prefix/LiteralExpressionParser.php(83): Twig\ExpressionParser\Prefix\LiteralExpressionParser->parseMappingExpression(Object(Twig\Parser))
#1 /var/www/html/vendor/twig/twig/src/Parser.php(378): Twig\ExpressionParser\Prefix\LiteralExpressionParser->parse(Object(Twig\Parser), Object(Twig\Token))
#2 /var/www/html/vendor/twig/twig/src/ExpressionParser/Prefix/LiteralExpressionParser.php(177): Twig\Parser->parseExpression()
#3 /var/www/html/vendor/twig/twig/src/ExpressionParser/Prefix/LiteralExpressionParser.php(92): Twig\ExpressionParser\Prefix\LiteralExpressionParser->parseSequenceExpression(Object(Twig\Parser))
#4 /var/www/html/vendor/twig/twig/src/Parser.php(378): Twig\ExpressionParser\Prefix\LiteralExpressionParser->parse(Object(Twig\Parser), Object(Twig\Token))
#5 /var/www/html/vendor/twig/twig/src/TokenParser/SetTokenParser.php(79): Twig\Parser->parseExpression()
#6 /var/www/html/vendor/twig/twig/src/TokenParser/SetTokenParser.php(42): Twig\TokenParser\SetTokenParser->parseMultitargetExpression()
#7 /var/www/html/vendor/twig/twig/src/Parser.php(218): Twig\TokenParser\SetTokenParser->parse(Object(Twig\Token))
#8 /var/www/html/vendor/twig/twig/src/Parser.php(101): Twig\Parser->subparse(NULL, false)
#9 /var/www/html/vendor/twig/twig/src/Environment.php(558): Twig\Parser->parse(Object(Twig\TokenStream))
#10 /var/www/html/vendor/twig/twig/src/Environment.php(589): Twig\Environment->parse(Object(Twig\TokenStream))
#11 /var/www/html/vendor/twig/twig/src/Environment.php(408): Twig\Environment->compileSource(Object(Twig\Source))
#12 /var/www/html/vendor/twig/twig/src/Template.php(293): Twig\Environment->loadTemplate('__TwigTemplate_...', 'components/hero...', NULL)
#13 /var/www/html/vendor/twig/twig/src/Environment.php(420) : eval()'d code(59): Twig\Template->load('components/hero...', 3)
#14 /var/www/html/vendor/twig/twig/src/Template.php(446): __TwigTemplate_ef0f8b9ed897a2ddccf32b08cc79a516->block_content(Array, Array)
#15 /var/www/html/vendor/twig/twig/src/Environment.php(420) : eval()'d code(79): Twig\Template->yieldBlock('content', Array, Array)
#16 /var/www/html/vendor/twig/twig/src/Template.php(402): __TwigTemplate_f6a809f03836c483179fa9ef40b46d1d->doDisplay(Array, Array)
#17 /var/www/html/vendor/twig/twig/src/Environment.php(420) : eval()'d code(47): Twig\Template->yield(Array, Array)
#18 /var/www/html/vendor/twig/twig/src/Template.php(402): __TwigTemplate_ef0f8b9ed897a2ddccf32b08cc79a516->doDisplay(Array, Array)
#19 /var/www/html/vendor/twig/twig/src/Template.php(358): Twig\Template->yield(Array, Array)
#20 /var/www/html/vendor/twig/twig/src/Template.php(373): Twig\Template->display(Array)
#21 /var/www/html/vendor/twig/twig/src/TemplateWrapper.php(51): Twig\Template->render(Array)
#22 /var/www/html/vendor/timber/timber/src/Loader.php(178): Twig\TemplateWrapper->render(Array)
#23 /var/www/html/vendor/timber/timber/src/Timber.php(1481): Timber\Loader->render('index.twig', Array, false, 'default')
#24 /var/www/html/vendor/timber/timber/src/Timber.php(1616): Timber\Timber::compile('index.twig', Array, false, 'default', true)
#25 /var/www/html/web/app/themes/keitri-twig/functions.php(38): Timber\Timber::render('index.twig', Array)
#26 /var/www/html/web/wp/wp-includes/class-wp-hook.php(324): {closure}('/var/www/html/w...')
#27 /var/www/html/web/wp/wp-includes/plugin.php(205): WP_Hook->apply_filters('/var/www/html/w...', Array)
#28 /var/www/html/web/wp/wp-includes/template-loader.php(104): apply_filters('template_includ...', '/var/www/html/w...')
#29 /var/www/html/web/wp/wp-blog-header.php(19): require_once('/var/www/html/w...')
#30 /var/www/html/web/index.php(7): require('/var/www/html/w...')
#31 {main}
  thrown in /var/www/html/web/app/themes/keitri-twig/templates/components/hero.twig on line 74
[12-Jun-2025 07:47:53 UTC] PHP Fatal error:  Uncaught Twig\Error\SyntaxError: A mapping key must be a quoted string, a number, a name, or an expression enclosed in parentheses (unexpected token "operator" of value "/" in "components/hero.twig" at line 74. in /var/www/html/web/app/themes/keitri-twig/templates/components/hero.twig:74
Stack trace:
#0 /var/www/html/vendor/twig/twig/src/ExpressionParser/Prefix/LiteralExpressionParser.php(83): Twig\ExpressionParser\Prefix\LiteralExpressionParser->parseMappingExpression(Object(Twig\Parser))
#1 /var/www/html/vendor/twig/twig/src/Parser.php(378): Twig\ExpressionParser\Prefix\LiteralExpressionParser->parse(Object(Twig\Parser), Object(Twig\Token))
#2 /var/www/html/vendor/twig/twig/src/ExpressionParser/Prefix/LiteralExpressionParser.php(177): Twig\Parser->parseExpression()
#3 /var/www/html/vendor/twig/twig/src/ExpressionParser/Prefix/LiteralExpressionParser.php(92): Twig\ExpressionParser\Prefix\LiteralExpressionParser->parseSequenceExpression(Object(Twig\Parser))
#4 /var/www/html/vendor/twig/twig/src/Parser.php(378): Twig\ExpressionParser\Prefix\LiteralExpressionParser->parse(Object(Twig\Parser), Object(Twig\Token))
#5 /var/www/html/vendor/twig/twig/src/TokenParser/SetTokenParser.php(79): Twig\Parser->parseExpression()
#6 /var/www/html/vendor/twig/twig/src/TokenParser/SetTokenParser.php(42): Twig\TokenParser\SetTokenParser->parseMultitargetExpression()
#7 /var/www/html/vendor/twig/twig/src/Parser.php(218): Twig\TokenParser\SetTokenParser->parse(Object(Twig\Token))
#8 /var/www/html/vendor/twig/twig/src/Parser.php(101): Twig\Parser->subparse(NULL, false)
#9 /var/www/html/vendor/twig/twig/src/Environment.php(558): Twig\Parser->parse(Object(Twig\TokenStream))
#10 /var/www/html/vendor/twig/twig/src/Environment.php(589): Twig\Environment->parse(Object(Twig\TokenStream))
#11 /var/www/html/vendor/twig/twig/src/Environment.php(408): Twig\Environment->compileSource(Object(Twig\Source))
#12 /var/www/html/vendor/twig/twig/src/Template.php(293): Twig\Environment->loadTemplate('__TwigTemplate_...', 'components/hero...', NULL)
#13 /var/www/html/vendor/twig/twig/src/Environment.php(420) : eval()'d code(59): Twig\Template->load('components/hero...', 3)
#14 /var/www/html/vendor/twig/twig/src/Template.php(446): __TwigTemplate_ef0f8b9ed897a2ddccf32b08cc79a516->block_content(Array, Array)
#15 /var/www/html/vendor/twig/twig/src/Environment.php(420) : eval()'d code(79): Twig\Template->yieldBlock('content', Array, Array)
#16 /var/www/html/vendor/twig/twig/src/Template.php(402): __TwigTemplate_f6a809f03836c483179fa9ef40b46d1d->doDisplay(Array, Array)
#17 /var/www/html/vendor/twig/twig/src/Environment.php(420) : eval()'d code(47): Twig\Template->yield(Array, Array)
#18 /var/www/html/vendor/twig/twig/src/Template.php(402): __TwigTemplate_ef0f8b9ed897a2ddccf32b08cc79a516->doDisplay(Array, Array)
#19 /var/www/html/vendor/twig/twig/src/Template.php(358): Twig\Template->yield(Array, Array)
#20 /var/www/html/vendor/twig/twig/src/Template.php(373): Twig\Template->display(Array)
#21 /var/www/html/vendor/twig/twig/src/TemplateWrapper.php(51): Twig\Template->render(Array)
#22 /var/www/html/vendor/timber/timber/src/Loader.php(178): Twig\TemplateWrapper->render(Array)
#23 /var/www/html/vendor/timber/timber/src/Timber.php(1481): Timber\Loader->render('index.twig', Array, false, 'default')
#24 /var/www/html/vendor/timber/timber/src/Timber.php(1616): Timber\Timber::compile('index.twig', Array, false, 'default', true)
#25 /var/www/html/web/app/themes/keitri-twig/functions.php(38): Timber\Timber::render('index.twig', Array)
#26 /var/www/html/web/wp/wp-includes/class-wp-hook.php(324): {closure}('/var/www/html/w...')
#27 /var/www/html/web/wp/wp-includes/plugin.php(205): WP_Hook->apply_filters('/var/www/html/w...', Array)
#28 /var/www/html/web/wp/wp-includes/template-loader.php(104): apply_filters('template_includ...', '/var/www/html/w...')
#29 /var/www/html/web/wp/wp-blog-header.php(19): require_once('/var/www/html/w...')
#30 /var/www/html/web/index.php(7): require('/var/www/html/w...')
#31 {main}
  thrown in /var/www/html/web/app/themes/keitri-twig/templates/components/hero.twig on line 74
[12-Jun-2025 07:48:00 UTC] PHP Fatal error:  Uncaught Twig\Error\SyntaxError: A mapping key must be a quoted string, a number, a name, or an expression enclosed in parentheses (unexpected token "operator" of value "/" in "components/hero.twig" at line 74. in /var/www/html/web/app/themes/keitri-twig/templates/components/hero.twig:74
Stack trace:
#0 /var/www/html/vendor/twig/twig/src/ExpressionParser/Prefix/LiteralExpressionParser.php(83): Twig\ExpressionParser\Prefix\LiteralExpressionParser->parseMappingExpression(Object(Twig\Parser))
#1 /var/www/html/vendor/twig/twig/src/Parser.php(378): Twig\ExpressionParser\Prefix\LiteralExpressionParser->parse(Object(Twig\Parser), Object(Twig\Token))
#2 /var/www/html/vendor/twig/twig/src/ExpressionParser/Prefix/LiteralExpressionParser.php(177): Twig\Parser->parseExpression()
#3 /var/www/html/vendor/twig/twig/src/ExpressionParser/Prefix/LiteralExpressionParser.php(92): Twig\ExpressionParser\Prefix\LiteralExpressionParser->parseSequenceExpression(Object(Twig\Parser))
#4 /var/www/html/vendor/twig/twig/src/Parser.php(378): Twig\ExpressionParser\Prefix\LiteralExpressionParser->parse(Object(Twig\Parser), Object(Twig\Token))
#5 /var/www/html/vendor/twig/twig/src/TokenParser/SetTokenParser.php(79): Twig\Parser->parseExpression()
#6 /var/www/html/vendor/twig/twig/src/TokenParser/SetTokenParser.php(42): Twig\TokenParser\SetTokenParser->parseMultitargetExpression()
#7 /var/www/html/vendor/twig/twig/src/Parser.php(218): Twig\TokenParser\SetTokenParser->parse(Object(Twig\Token))
#8 /var/www/html/vendor/twig/twig/src/Parser.php(101): Twig\Parser->subparse(NULL, false)
#9 /var/www/html/vendor/twig/twig/src/Environment.php(558): Twig\Parser->parse(Object(Twig\TokenStream))
#10 /var/www/html/vendor/twig/twig/src/Environment.php(589): Twig\Environment->parse(Object(Twig\TokenStream))
#11 /var/www/html/vendor/twig/twig/src/Environment.php(408): Twig\Environment->compileSource(Object(Twig\Source))
#12 /var/www/html/vendor/twig/twig/src/Template.php(293): Twig\Environment->loadTemplate('__TwigTemplate_...', 'components/hero...', NULL)
#13 /var/www/html/vendor/twig/twig/src/Environment.php(420) : eval()'d code(59): Twig\Template->load('components/hero...', 3)
#14 /var/www/html/vendor/twig/twig/src/Template.php(446): __TwigTemplate_ef0f8b9ed897a2ddccf32b08cc79a516->block_content(Array, Array)
#15 /var/www/html/vendor/twig/twig/src/Environment.php(420) : eval()'d code(79): Twig\Template->yieldBlock('content', Array, Array)
#16 /var/www/html/vendor/twig/twig/src/Template.php(402): __TwigTemplate_f6a809f03836c483179fa9ef40b46d1d->doDisplay(Array, Array)
#17 /var/www/html/vendor/twig/twig/src/Environment.php(420) : eval()'d code(47): Twig\Template->yield(Array, Array)
#18 /var/www/html/vendor/twig/twig/src/Template.php(402): __TwigTemplate_ef0f8b9ed897a2ddccf32b08cc79a516->doDisplay(Array, Array)
#19 /var/www/html/vendor/twig/twig/src/Template.php(358): Twig\Template->yield(Array, Array)
#20 /var/www/html/vendor/twig/twig/src/Template.php(373): Twig\Template->display(Array)
#21 /var/www/html/vendor/twig/twig/src/TemplateWrapper.php(51): Twig\Template->render(Array)
#22 /var/www/html/vendor/timber/timber/src/Loader.php(178): Twig\TemplateWrapper->render(Array)
#23 /var/www/html/vendor/timber/timber/src/Timber.php(1481): Timber\Loader->render('index.twig', Array, false, 'default')
#24 /var/www/html/vendor/timber/timber/src/Timber.php(1616): Timber\Timber::compile('index.twig', Array, false, 'default', true)
#25 /var/www/html/web/app/themes/keitri-twig/functions.php(38): Timber\Timber::render('index.twig', Array)
#26 /var/www/html/web/wp/wp-includes/class-wp-hook.php(324): {closure}('/var/www/html/w...')
#27 /var/www/html/web/wp/wp-includes/plugin.php(205): WP_Hook->apply_filters('/var/www/html/w...', Array)
#28 /var/www/html/web/wp/wp-includes/template-loader.php(104): apply_filters('template_includ...', '/var/www/html/w...')
#29 /var/www/html/web/wp/wp-blog-header.php(19): require_once('/var/www/html/w...')
#30 /var/www/html/web/index.php(7): require('/var/www/html/w...')
#31 {main}
  thrown in /var/www/html/web/app/themes/keitri-twig/templates/components/hero.twig on line 74
[12-Jun-2025 07:52:46 UTC] PHP Fatal error:  Uncaught Twig\Error\SyntaxError: A mapping key must be a quoted string, a number, a name, or an expression enclosed in parentheses (unexpected token "operator" of value "/" in "components/hero.twig" at line 74. in /var/www/html/web/app/themes/keitri-twig/templates/components/hero.twig:74
Stack trace:
#0 /var/www/html/vendor/twig/twig/src/ExpressionParser/Prefix/LiteralExpressionParser.php(83): Twig\ExpressionParser\Prefix\LiteralExpressionParser->parseMappingExpression(Object(Twig\Parser))
#1 /var/www/html/vendor/twig/twig/src/Parser.php(378): Twig\ExpressionParser\Prefix\LiteralExpressionParser->parse(Object(Twig\Parser), Object(Twig\Token))
#2 /var/www/html/vendor/twig/twig/src/ExpressionParser/Prefix/LiteralExpressionParser.php(177): Twig\Parser->parseExpression()
#3 /var/www/html/vendor/twig/twig/src/ExpressionParser/Prefix/LiteralExpressionParser.php(92): Twig\ExpressionParser\Prefix\LiteralExpressionParser->parseSequenceExpression(Object(Twig\Parser))
#4 /var/www/html/vendor/twig/twig/src/Parser.php(378): Twig\ExpressionParser\Prefix\LiteralExpressionParser->parse(Object(Twig\Parser), Object(Twig\Token))
#5 /var/www/html/vendor/twig/twig/src/TokenParser/SetTokenParser.php(79): Twig\Parser->parseExpression()
#6 /var/www/html/vendor/twig/twig/src/TokenParser/SetTokenParser.php(42): Twig\TokenParser\SetTokenParser->parseMultitargetExpression()
#7 /var/www/html/vendor/twig/twig/src/Parser.php(218): Twig\TokenParser\SetTokenParser->parse(Object(Twig\Token))
#8 /var/www/html/vendor/twig/twig/src/Parser.php(101): Twig\Parser->subparse(NULL, false)
#9 /var/www/html/vendor/twig/twig/src/Environment.php(558): Twig\Parser->parse(Object(Twig\TokenStream))
#10 /var/www/html/vendor/twig/twig/src/Environment.php(589): Twig\Environment->parse(Object(Twig\TokenStream))
#11 /var/www/html/vendor/twig/twig/src/Environment.php(408): Twig\Environment->compileSource(Object(Twig\Source))
#12 /var/www/html/vendor/twig/twig/src/Template.php(293): Twig\Environment->loadTemplate('__TwigTemplate_...', 'components/hero...', NULL)
#13 /var/www/html/vendor/twig/twig/src/Environment.php(420) : eval()'d code(59): Twig\Template->load('components/hero...', 3)
#14 /var/www/html/vendor/twig/twig/src/Template.php(446): __TwigTemplate_ef0f8b9ed897a2ddccf32b08cc79a516->block_content(Array, Array)
#15 /var/www/html/vendor/twig/twig/src/Environment.php(420) : eval()'d code(79): Twig\Template->yieldBlock('content', Array, Array)
#16 /var/www/html/vendor/twig/twig/src/Template.php(402): __TwigTemplate_f6a809f03836c483179fa9ef40b46d1d->doDisplay(Array, Array)
#17 /var/www/html/vendor/twig/twig/src/Environment.php(420) : eval()'d code(47): Twig\Template->yield(Array, Array)
#18 /var/www/html/vendor/twig/twig/src/Template.php(402): __TwigTemplate_ef0f8b9ed897a2ddccf32b08cc79a516->doDisplay(Array, Array)
#19 /var/www/html/vendor/twig/twig/src/Template.php(358): Twig\Template->yield(Array, Array)
#20 /var/www/html/vendor/twig/twig/src/Template.php(373): Twig\Template->display(Array)
#21 /var/www/html/vendor/twig/twig/src/TemplateWrapper.php(51): Twig\Template->render(Array)
#22 /var/www/html/vendor/timber/timber/src/Loader.php(178): Twig\TemplateWrapper->render(Array)
#23 /var/www/html/vendor/timber/timber/src/Timber.php(1481): Timber\Loader->render('index.twig', Array, false, 'default')
#24 /var/www/html/vendor/timber/timber/src/Timber.php(1616): Timber\Timber::compile('index.twig', Array, false, 'default', true)
#25 /var/www/html/web/app/themes/keitri-twig/functions.php(38): Timber\Timber::render('index.twig', Array)
#26 /var/www/html/web/wp/wp-includes/class-wp-hook.php(324): {closure}('/var/www/html/w...')
#27 /var/www/html/web/wp/wp-includes/plugin.php(205): WP_Hook->apply_filters('/var/www/html/w...', Array)
#28 /var/www/html/web/wp/wp-includes/template-loader.php(104): apply_filters('template_includ...', '/var/www/html/w...')
#29 /var/www/html/web/wp/wp-blog-header.php(19): require_once('/var/www/html/w...')
#30 /var/www/html/web/index.php(7): require('/var/www/html/w...')
#31 {main}
  thrown in /var/www/html/web/app/themes/keitri-twig/templates/components/hero.twig on line 74
[12-Jun-2025 07:52:54 UTC] PHP Fatal error:  Uncaught Twig\Error\SyntaxError: A mapping key must be a quoted string, a number, a name, or an expression enclosed in parentheses (unexpected token "operator" of value "/" in "components/hero.twig" at line 74. in /var/www/html/web/app/themes/keitri-twig/templates/components/hero.twig:74
Stack trace:
#0 /var/www/html/vendor/twig/twig/src/ExpressionParser/Prefix/LiteralExpressionParser.php(83): Twig\ExpressionParser\Prefix\LiteralExpressionParser->parseMappingExpression(Object(Twig\Parser))
#1 /var/www/html/vendor/twig/twig/src/Parser.php(378): Twig\ExpressionParser\Prefix\LiteralExpressionParser->parse(Object(Twig\Parser), Object(Twig\Token))
#2 /var/www/html/vendor/twig/twig/src/ExpressionParser/Prefix/LiteralExpressionParser.php(177): Twig\Parser->parseExpression()
#3 /var/www/html/vendor/twig/twig/src/ExpressionParser/Prefix/LiteralExpressionParser.php(92): Twig\ExpressionParser\Prefix\LiteralExpressionParser->parseSequenceExpression(Object(Twig\Parser))
#4 /var/www/html/vendor/twig/twig/src/Parser.php(378): Twig\ExpressionParser\Prefix\LiteralExpressionParser->parse(Object(Twig\Parser), Object(Twig\Token))
#5 /var/www/html/vendor/twig/twig/src/TokenParser/SetTokenParser.php(79): Twig\Parser->parseExpression()
#6 /var/www/html/vendor/twig/twig/src/TokenParser/SetTokenParser.php(42): Twig\TokenParser\SetTokenParser->parseMultitargetExpression()
#7 /var/www/html/vendor/twig/twig/src/Parser.php(218): Twig\TokenParser\SetTokenParser->parse(Object(Twig\Token))
#8 /var/www/html/vendor/twig/twig/src/Parser.php(101): Twig\Parser->subparse(NULL, false)
#9 /var/www/html/vendor/twig/twig/src/Environment.php(558): Twig\Parser->parse(Object(Twig\TokenStream))
#10 /var/www/html/vendor/twig/twig/src/Environment.php(589): Twig\Environment->parse(Object(Twig\TokenStream))
#11 /var/www/html/vendor/twig/twig/src/Environment.php(408): Twig\Environment->compileSource(Object(Twig\Source))
#12 /var/www/html/vendor/twig/twig/src/Template.php(293): Twig\Environment->loadTemplate('__TwigTemplate_...', 'components/hero...', NULL)
#13 /var/www/html/vendor/twig/twig/src/Environment.php(420) : eval()'d code(59): Twig\Template->load('components/hero...', 3)
#14 /var/www/html/vendor/twig/twig/src/Template.php(446): __TwigTemplate_ef0f8b9ed897a2ddccf32b08cc79a516->block_content(Array, Array)
#15 /var/www/html/vendor/twig/twig/src/Environment.php(420) : eval()'d code(79): Twig\Template->yieldBlock('content', Array, Array)
#16 /var/www/html/vendor/twig/twig/src/Template.php(402): __TwigTemplate_f6a809f03836c483179fa9ef40b46d1d->doDisplay(Array, Array)
#17 /var/www/html/vendor/twig/twig/src/Environment.php(420) : eval()'d code(47): Twig\Template->yield(Array, Array)
#18 /var/www/html/vendor/twig/twig/src/Template.php(402): __TwigTemplate_ef0f8b9ed897a2ddccf32b08cc79a516->doDisplay(Array, Array)
#19 /var/www/html/vendor/twig/twig/src/Template.php(358): Twig\Template->yield(Array, Array)
#20 /var/www/html/vendor/twig/twig/src/Template.php(373): Twig\Template->display(Array)
#21 /var/www/html/vendor/twig/twig/src/TemplateWrapper.php(51): Twig\Template->render(Array)
#22 /var/www/html/vendor/timber/timber/src/Loader.php(178): Twig\TemplateWrapper->render(Array)
#23 /var/www/html/vendor/timber/timber/src/Timber.php(1481): Timber\Loader->render('index.twig', Array, false, 'default')
#24 /var/www/html/vendor/timber/timber/src/Timber.php(1616): Timber\Timber::compile('index.twig', Array, false, 'default', true)
#25 /var/www/html/web/app/themes/keitri-twig/functions.php(38): Timber\Timber::render('index.twig', Array)
#26 /var/www/html/web/wp/wp-includes/class-wp-hook.php(324): {closure}('/var/www/html/w...')
#27 /var/www/html/web/wp/wp-includes/plugin.php(205): WP_Hook->apply_filters('/var/www/html/w...', Array)
#28 /var/www/html/web/wp/wp-includes/template-loader.php(104): apply_filters('template_includ...', '/var/www/html/w...')
#29 /var/www/html/web/wp/wp-blog-header.php(19): require_once('/var/www/html/w...')
#30 /var/www/html/web/index.php(7): require('/var/www/html/w...')
#31 {main}
  thrown in /var/www/html/web/app/themes/keitri-twig/templates/components/hero.twig on line 74
[12-Jun-2025 07:52:55 UTC] PHP Fatal error:  Uncaught Twig\Error\SyntaxError: A mapping key must be a quoted string, a number, a name, or an expression enclosed in parentheses (unexpected token "operator" of value "/" in "components/hero.twig" at line 74. in /var/www/html/web/app/themes/keitri-twig/templates/components/hero.twig:74
Stack trace:
#0 /var/www/html/vendor/twig/twig/src/ExpressionParser/Prefix/LiteralExpressionParser.php(83): Twig\ExpressionParser\Prefix\LiteralExpressionParser->parseMappingExpression(Object(Twig\Parser))
#1 /var/www/html/vendor/twig/twig/src/Parser.php(378): Twig\ExpressionParser\Prefix\LiteralExpressionParser->parse(Object(Twig\Parser), Object(Twig\Token))
#2 /var/www/html/vendor/twig/twig/src/ExpressionParser/Prefix/LiteralExpressionParser.php(177): Twig\Parser->parseExpression()
#3 /var/www/html/vendor/twig/twig/src/ExpressionParser/Prefix/LiteralExpressionParser.php(92): Twig\ExpressionParser\Prefix\LiteralExpressionParser->parseSequenceExpression(Object(Twig\Parser))
#4 /var/www/html/vendor/twig/twig/src/Parser.php(378): Twig\ExpressionParser\Prefix\LiteralExpressionParser->parse(Object(Twig\Parser), Object(Twig\Token))
#5 /var/www/html/vendor/twig/twig/src/TokenParser/SetTokenParser.php(79): Twig\Parser->parseExpression()
#6 /var/www/html/vendor/twig/twig/src/TokenParser/SetTokenParser.php(42): Twig\TokenParser\SetTokenParser->parseMultitargetExpression()
#7 /var/www/html/vendor/twig/twig/src/Parser.php(218): Twig\TokenParser\SetTokenParser->parse(Object(Twig\Token))
#8 /var/www/html/vendor/twig/twig/src/Parser.php(101): Twig\Parser->subparse(NULL, false)
#9 /var/www/html/vendor/twig/twig/src/Environment.php(558): Twig\Parser->parse(Object(Twig\TokenStream))
#10 /var/www/html/vendor/twig/twig/src/Environment.php(589): Twig\Environment->parse(Object(Twig\TokenStream))
#11 /var/www/html/vendor/twig/twig/src/Environment.php(408): Twig\Environment->compileSource(Object(Twig\Source))
#12 /var/www/html/vendor/twig/twig/src/Template.php(293): Twig\Environment->loadTemplate('__TwigTemplate_...', 'components/hero...', NULL)
#13 /var/www/html/vendor/twig/twig/src/Environment.php(420) : eval()'d code(59): Twig\Template->load('components/hero...', 3)
#14 /var/www/html/vendor/twig/twig/src/Template.php(446): __TwigTemplate_ef0f8b9ed897a2ddccf32b08cc79a516->block_content(Array, Array)
#15 /var/www/html/vendor/twig/twig/src/Environment.php(420) : eval()'d code(79): Twig\Template->yieldBlock('content', Array, Array)
#16 /var/www/html/vendor/twig/twig/src/Template.php(402): __TwigTemplate_f6a809f03836c483179fa9ef40b46d1d->doDisplay(Array, Array)
#17 /var/www/html/vendor/twig/twig/src/Environment.php(420) : eval()'d code(47): Twig\Template->yield(Array, Array)
#18 /var/www/html/vendor/twig/twig/src/Template.php(402): __TwigTemplate_ef0f8b9ed897a2ddccf32b08cc79a516->doDisplay(Array, Array)
#19 /var/www/html/vendor/twig/twig/src/Template.php(358): Twig\Template->yield(Array, Array)
#20 /var/www/html/vendor/twig/twig/src/Template.php(373): Twig\Template->display(Array)
#21 /var/www/html/vendor/twig/twig/src/TemplateWrapper.php(51): Twig\Template->render(Array)
#22 /var/www/html/vendor/timber/timber/src/Loader.php(178): Twig\TemplateWrapper->render(Array)
#23 /var/www/html/vendor/timber/timber/src/Timber.php(1481): Timber\Loader->render('index.twig', Array, false, 'default')
#24 /var/www/html/vendor/timber/timber/src/Timber.php(1616): Timber\Timber::compile('index.twig', Array, false, 'default', true)
#25 /var/www/html/web/app/themes/keitri-twig/functions.php(38): Timber\Timber::render('index.twig', Array)
#26 /var/www/html/web/wp/wp-includes/class-wp-hook.php(324): {closure}('/var/www/html/w...')
#27 /var/www/html/web/wp/wp-includes/plugin.php(205): WP_Hook->apply_filters('/var/www/html/w...', Array)
#28 /var/www/html/web/wp/wp-includes/template-loader.php(104): apply_filters('template_includ...', '/var/www/html/w...')
#29 /var/www/html/web/wp/wp-blog-header.php(19): require_once('/var/www/html/w...')
#30 /var/www/html/web/index.php(7): require('/var/www/html/w...')
#31 {main}
  thrown in /var/www/html/web/app/themes/keitri-twig/templates/components/hero.twig on line 74
[12-Jun-2025 07:53:02 UTC] PHP Fatal error:  Uncaught Twig\Error\SyntaxError: A mapping key must be a quoted string, a number, a name, or an expression enclosed in parentheses (unexpected token "operator" of value "/" in "components/hero.twig" at line 74. in /var/www/html/web/app/themes/keitri-twig/templates/components/hero.twig:74
Stack trace:
#0 /var/www/html/vendor/twig/twig/src/ExpressionParser/Prefix/LiteralExpressionParser.php(83): Twig\ExpressionParser\Prefix\LiteralExpressionParser->parseMappingExpression(Object(Twig\Parser))
#1 /var/www/html/vendor/twig/twig/src/Parser.php(378): Twig\ExpressionParser\Prefix\LiteralExpressionParser->parse(Object(Twig\Parser), Object(Twig\Token))
#2 /var/www/html/vendor/twig/twig/src/ExpressionParser/Prefix/LiteralExpressionParser.php(177): Twig\Parser->parseExpression()
#3 /var/www/html/vendor/twig/twig/src/ExpressionParser/Prefix/LiteralExpressionParser.php(92): Twig\ExpressionParser\Prefix\LiteralExpressionParser->parseSequenceExpression(Object(Twig\Parser))
#4 /var/www/html/vendor/twig/twig/src/Parser.php(378): Twig\ExpressionParser\Prefix\LiteralExpressionParser->parse(Object(Twig\Parser), Object(Twig\Token))
#5 /var/www/html/vendor/twig/twig/src/TokenParser/SetTokenParser.php(79): Twig\Parser->parseExpression()
#6 /var/www/html/vendor/twig/twig/src/TokenParser/SetTokenParser.php(42): Twig\TokenParser\SetTokenParser->parseMultitargetExpression()
#7 /var/www/html/vendor/twig/twig/src/Parser.php(218): Twig\TokenParser\SetTokenParser->parse(Object(Twig\Token))
#8 /var/www/html/vendor/twig/twig/src/Parser.php(101): Twig\Parser->subparse(NULL, false)
#9 /var/www/html/vendor/twig/twig/src/Environment.php(558): Twig\Parser->parse(Object(Twig\TokenStream))
#10 /var/www/html/vendor/twig/twig/src/Environment.php(589): Twig\Environment->parse(Object(Twig\TokenStream))
#11 /var/www/html/vendor/twig/twig/src/Environment.php(408): Twig\Environment->compileSource(Object(Twig\Source))
#12 /var/www/html/vendor/twig/twig/src/Template.php(293): Twig\Environment->loadTemplate('__TwigTemplate_...', 'components/hero...', NULL)
#13 /var/www/html/vendor/twig/twig/src/Environment.php(420) : eval()'d code(59): Twig\Template->load('components/hero...', 3)
#14 /var/www/html/vendor/twig/twig/src/Template.php(446): __TwigTemplate_ef0f8b9ed897a2ddccf32b08cc79a516->block_content(Array, Array)
#15 /var/www/html/vendor/twig/twig/src/Environment.php(420) : eval()'d code(79): Twig\Template->yieldBlock('content', Array, Array)
#16 /var/www/html/vendor/twig/twig/src/Template.php(402): __TwigTemplate_f6a809f03836c483179fa9ef40b46d1d->doDisplay(Array, Array)
#17 /var/www/html/vendor/twig/twig/src/Environment.php(420) : eval()'d code(47): Twig\Template->yield(Array, Array)
#18 /var/www/html/vendor/twig/twig/src/Template.php(402): __TwigTemplate_ef0f8b9ed897a2ddccf32b08cc79a516->doDisplay(Array, Array)
#19 /var/www/html/vendor/twig/twig/src/Template.php(358): Twig\Template->yield(Array, Array)
#20 /var/www/html/vendor/twig/twig/src/Template.php(373): Twig\Template->display(Array)
#21 /var/www/html/vendor/twig/twig/src/TemplateWrapper.php(51): Twig\Template->render(Array)
#22 /var/www/html/vendor/timber/timber/src/Loader.php(178): Twig\TemplateWrapper->render(Array)
#23 /var/www/html/vendor/timber/timber/src/Timber.php(1481): Timber\Loader->render('index.twig', Array, false, 'default')
#24 /var/www/html/vendor/timber/timber/src/Timber.php(1616): Timber\Timber::compile('index.twig', Array, false, 'default', true)
#25 /var/www/html/web/app/themes/keitri-twig/functions.php(38): Timber\Timber::render('index.twig', Array)
#26 /var/www/html/web/wp/wp-includes/class-wp-hook.php(324): {closure}('/var/www/html/w...')
#27 /var/www/html/web/wp/wp-includes/plugin.php(205): WP_Hook->apply_filters('/var/www/html/w...', Array)
#28 /var/www/html/web/wp/wp-includes/template-loader.php(104): apply_filters('template_includ...', '/var/www/html/w...')
#29 /var/www/html/web/wp/wp-blog-header.php(19): require_once('/var/www/html/w...')
#30 /var/www/html/web/index.php(7): require('/var/www/html/w...')
#31 {main}
  thrown in /var/www/html/web/app/themes/keitri-twig/templates/components/hero.twig on line 74
[15-Jun-2025 23:42:27 UTC] PHP Fatal error:  Uncaught Twig\Error\SyntaxError: A mapping key must be a quoted string, a number, a name, or an expression enclosed in parentheses (unexpected token "operator" of value "/" in "components/hero.twig" at line 74. in /var/www/html/web/app/themes/keitri-twig/templates/components/hero.twig:74
Stack trace:
#0 /var/www/html/vendor/twig/twig/src/ExpressionParser/Prefix/LiteralExpressionParser.php(83): Twig\ExpressionParser\Prefix\LiteralExpressionParser->parseMappingExpression(Object(Twig\Parser))
#1 /var/www/html/vendor/twig/twig/src/Parser.php(378): Twig\ExpressionParser\Prefix\LiteralExpressionParser->parse(Object(Twig\Parser), Object(Twig\Token))
#2 /var/www/html/vendor/twig/twig/src/ExpressionParser/Prefix/LiteralExpressionParser.php(177): Twig\Parser->parseExpression()
#3 /var/www/html/vendor/twig/twig/src/ExpressionParser/Prefix/LiteralExpressionParser.php(92): Twig\ExpressionParser\Prefix\LiteralExpressionParser->parseSequenceExpression(Object(Twig\Parser))
#4 /var/www/html/vendor/twig/twig/src/Parser.php(378): Twig\ExpressionParser\Prefix\LiteralExpressionParser->parse(Object(Twig\Parser), Object(Twig\Token))
#5 /var/www/html/vendor/twig/twig/src/TokenParser/SetTokenParser.php(79): Twig\Parser->parseExpression()
#6 /var/www/html/vendor/twig/twig/src/TokenParser/SetTokenParser.php(42): Twig\TokenParser\SetTokenParser->parseMultitargetExpression()
#7 /var/www/html/vendor/twig/twig/src/Parser.php(218): Twig\TokenParser\SetTokenParser->parse(Object(Twig\Token))
#8 /var/www/html/vendor/twig/twig/src/Parser.php(101): Twig\Parser->subparse(NULL, false)
#9 /var/www/html/vendor/twig/twig/src/Environment.php(558): Twig\Parser->parse(Object(Twig\TokenStream))
#10 /var/www/html/vendor/twig/twig/src/Environment.php(589): Twig\Environment->parse(Object(Twig\TokenStream))
#11 /var/www/html/vendor/twig/twig/src/Environment.php(408): Twig\Environment->compileSource(Object(Twig\Source))
#12 /var/www/html/vendor/twig/twig/src/Template.php(293): Twig\Environment->loadTemplate('__TwigTemplate_...', 'components/hero...', NULL)
#13 /var/www/html/vendor/twig/twig/src/Environment.php(420) : eval()'d code(59): Twig\Template->load('components/hero...', 3)
#14 /var/www/html/vendor/twig/twig/src/Template.php(446): __TwigTemplate_ef0f8b9ed897a2ddccf32b08cc79a516->block_content(Array, Array)
#15 /var/www/html/vendor/twig/twig/src/Environment.php(420) : eval()'d code(79): Twig\Template->yieldBlock('content', Array, Array)
#16 /var/www/html/vendor/twig/twig/src/Template.php(402): __TwigTemplate_f6a809f03836c483179fa9ef40b46d1d->doDisplay(Array, Array)
#17 /var/www/html/vendor/twig/twig/src/Environment.php(420) : eval()'d code(47): Twig\Template->yield(Array, Array)
#18 /var/www/html/vendor/twig/twig/src/Template.php(402): __TwigTemplate_ef0f8b9ed897a2ddccf32b08cc79a516->doDisplay(Array, Array)
#19 /var/www/html/vendor/twig/twig/src/Template.php(358): Twig\Template->yield(Array, Array)
#20 /var/www/html/vendor/twig/twig/src/Template.php(373): Twig\Template->display(Array)
#21 /var/www/html/vendor/twig/twig/src/TemplateWrapper.php(51): Twig\Template->render(Array)
#22 /var/www/html/vendor/timber/timber/src/Loader.php(178): Twig\TemplateWrapper->render(Array)
#23 /var/www/html/vendor/timber/timber/src/Timber.php(1481): Timber\Loader->render('index.twig', Array, false, 'default')
#24 /var/www/html/vendor/timber/timber/src/Timber.php(1616): Timber\Timber::compile('index.twig', Array, false, 'default', true)
#25 /var/www/html/web/app/themes/keitri-twig/functions.php(38): Timber\Timber::render('index.twig', Array)
#26 /var/www/html/web/wp/wp-includes/class-wp-hook.php(324): {closure}('/var/www/html/w...')
#27 /var/www/html/web/wp/wp-includes/plugin.php(205): WP_Hook->apply_filters('/var/www/html/w...', Array)
#28 /var/www/html/web/wp/wp-includes/template-loader.php(104): apply_filters('template_includ...', '/var/www/html/w...')
#29 /var/www/html/web/wp/wp-blog-header.php(19): require_once('/var/www/html/w...')
#30 /var/www/html/web/index.php(7): require('/var/www/html/w...')
#31 {main}
  thrown in /var/www/html/web/app/themes/keitri-twig/templates/components/hero.twig on line 74
[15-Jun-2025 23:42:37 UTC] PHP Fatal error:  Uncaught Twig\Error\SyntaxError: A mapping key must be a quoted string, a number, a name, or an expression enclosed in parentheses (unexpected token "operator" of value "/" in "components/hero.twig" at line 74. in /var/www/html/web/app/themes/keitri-twig/templates/components/hero.twig:74
Stack trace:
#0 /var/www/html/vendor/twig/twig/src/ExpressionParser/Prefix/LiteralExpressionParser.php(83): Twig\ExpressionParser\Prefix\LiteralExpressionParser->parseMappingExpression(Object(Twig\Parser))
#1 /var/www/html/vendor/twig/twig/src/Parser.php(378): Twig\ExpressionParser\Prefix\LiteralExpressionParser->parse(Object(Twig\Parser), Object(Twig\Token))
#2 /var/www/html/vendor/twig/twig/src/ExpressionParser/Prefix/LiteralExpressionParser.php(177): Twig\Parser->parseExpression()
#3 /var/www/html/vendor/twig/twig/src/ExpressionParser/Prefix/LiteralExpressionParser.php(92): Twig\ExpressionParser\Prefix\LiteralExpressionParser->parseSequenceExpression(Object(Twig\Parser))
#4 /var/www/html/vendor/twig/twig/src/Parser.php(378): Twig\ExpressionParser\Prefix\LiteralExpressionParser->parse(Object(Twig\Parser), Object(Twig\Token))
#5 /var/www/html/vendor/twig/twig/src/TokenParser/SetTokenParser.php(79): Twig\Parser->parseExpression()
#6 /var/www/html/vendor/twig/twig/src/TokenParser/SetTokenParser.php(42): Twig\TokenParser\SetTokenParser->parseMultitargetExpression()
#7 /var/www/html/vendor/twig/twig/src/Parser.php(218): Twig\TokenParser\SetTokenParser->parse(Object(Twig\Token))
#8 /var/www/html/vendor/twig/twig/src/Parser.php(101): Twig\Parser->subparse(NULL, false)
#9 /var/www/html/vendor/twig/twig/src/Environment.php(558): Twig\Parser->parse(Object(Twig\TokenStream))
#10 /var/www/html/vendor/twig/twig/src/Environment.php(589): Twig\Environment->parse(Object(Twig\TokenStream))
#11 /var/www/html/vendor/twig/twig/src/Environment.php(408): Twig\Environment->compileSource(Object(Twig\Source))
#12 /var/www/html/vendor/twig/twig/src/Template.php(293): Twig\Environment->loadTemplate('__TwigTemplate_...', 'components/hero...', NULL)
#13 /var/www/html/vendor/twig/twig/src/Environment.php(420) : eval()'d code(59): Twig\Template->load('components/hero...', 3)
#14 /var/www/html/vendor/twig/twig/src/Template.php(446): __TwigTemplate_ef0f8b9ed897a2ddccf32b08cc79a516->block_content(Array, Array)
#15 /var/www/html/vendor/twig/twig/src/Environment.php(420) : eval()'d code(79): Twig\Template->yieldBlock('content', Array, Array)
#16 /var/www/html/vendor/twig/twig/src/Template.php(402): __TwigTemplate_f6a809f03836c483179fa9ef40b46d1d->doDisplay(Array, Array)
#17 /var/www/html/vendor/twig/twig/src/Environment.php(420) : eval()'d code(47): Twig\Template->yield(Array, Array)
#18 /var/www/html/vendor/twig/twig/src/Template.php(402): __TwigTemplate_ef0f8b9ed897a2ddccf32b08cc79a516->doDisplay(Array, Array)
#19 /var/www/html/vendor/twig/twig/src/Template.php(358): Twig\Template->yield(Array, Array)
#20 /var/www/html/vendor/twig/twig/src/Template.php(373): Twig\Template->display(Array)
#21 /var/www/html/vendor/twig/twig/src/TemplateWrapper.php(51): Twig\Template->render(Array)
#22 /var/www/html/vendor/timber/timber/src/Loader.php(178): Twig\TemplateWrapper->render(Array)
#23 /var/www/html/vendor/timber/timber/src/Timber.php(1481): Timber\Loader->render('index.twig', Array, false, 'default')
#24 /var/www/html/vendor/timber/timber/src/Timber.php(1616): Timber\Timber::compile('index.twig', Array, false, 'default', true)
#25 /var/www/html/web/app/themes/keitri-twig/functions.php(38): Timber\Timber::render('index.twig', Array)
#26 /var/www/html/web/wp/wp-includes/class-wp-hook.php(324): {closure}('/var/www/html/w...')
#27 /var/www/html/web/wp/wp-includes/plugin.php(205): WP_Hook->apply_filters('/var/www/html/w...', Array)
#28 /var/www/html/web/wp/wp-includes/template-loader.php(104): apply_filters('template_includ...', '/var/www/html/w...')
#29 /var/www/html/web/wp/wp-blog-header.php(19): require_once('/var/www/html/w...')
#30 /var/www/html/web/index.php(7): require('/var/www/html/w...')
#31 {main}
  thrown in /var/www/html/web/app/themes/keitri-twig/templates/components/hero.twig on line 74
